# JRE version: OpenJDK Runtime Environment (11.0.11+9) (build 11.0.11+9-b60-7590822)
# Java VM: OpenJDK 64-Bit Server VM (11.0.11+9-b60-7590822, mixed mode, tiered, compressed oops, g1 gc, windows-amd64)
Heap:
 garbage-first heap   total 705536K, used 186440K [0x0000000080000000, 0x0000000100000000)
  region size 1024K, 11 young (11264K), 11 survivors (11264K)
 Metaspace       used 139682K, capacity 143254K, committed 143380K, reserved 1173504K
  class space    used 17148K, capacity 18540K, committed 18636K, reserved 1048576K
GC Heap History (20 events):
Event: 8728.098 GC heap after
{Heap after GC invocations=111 (full 0):
 garbage-first heap   total 235520K, used 131016K [0x0000000080000000, 0x0000000100000000)
  region size 1024K, 3 young (3072K), 3 survivors (3072K)
 Metaspace       used 127003K, capacity 130014K, committed 130452K, reserved 1163264K
  class space    used 15482K, capacity 16604K, committed 16716K, reserved 1048576K
}
Event: 8729.104 GC heap before
{Heap before GC invocations=112 (full 0):
 garbage-first heap   total 235520K, used 173000K [0x0000000080000000, 0x0000000100000000)
  region size 1024K, 48 young (49152K), 3 survivors (3072K)
 Metaspace       used 127261K, capacity 130281K, committed 130452K, reserved 1163264K
  class space    used 15498K, capacity 16618K, committed 16716K, reserved 1048576K
}
Event: 8729.131 GC heap after
{Heap after GC invocations=113 (full 0):
 garbage-first heap   total 315392K, used 128707K [0x0000000080000000, 0x0000000100000000)
  region size 1024K, 4 young (4096K), 4 survivors (4096K)
 Metaspace       used 127261K, capacity 130281K, committed 130452K, reserved 1163264K
  class space    used 15498K, capacity 16618K, committed 16716K, reserved 1048576K
}
Event: 8729.415 GC heap before
{Heap before GC invocations=113 (full 0):
 garbage-first heap   total 315392K, used 139971K [0x0000000080000000, 0x0000000100000000)
  region size 1024K, 15 young (15360K), 4 survivors (4096K)
 Metaspace       used 127941K, capacity 130911K, committed 131092K, reserved 1163264K
  class space    used 15599K, capacity 16743K, committed 16844K, reserved 1048576K
}
Event: 8729.428 GC heap after
{Heap after GC invocations=114 (full 0):
 garbage-first heap   total 315392K, used 127897K [0x0000000080000000, 0x0000000100000000)
  region size 1024K, 2 young (2048K), 2 survivors (2048K)
 Metaspace       used 127941K, capacity 130911K, committed 131092K, reserved 1163264K
  class space    used 15599K, capacity 16743K, committed 16844K, reserved 1048576K
}
Event: 8730.582 GC heap before
{Heap before GC invocations=114 (full 0):
 garbage-first heap   total 315392K, used 205721K [0x0000000080000000, 0x0000000100000000)
  region size 1024K, 79 young (80896K), 2 survivors (2048K)
 Metaspace       used 128577K, capacity 131627K, committed 131860K, reserved 1165312K
  class space    used 15670K, capacity 16804K, committed 16844K, reserved 1048576K
}
Event: 8730.609 GC heap after
{Heap after GC invocations=115 (full 0):
 garbage-first heap   total 315392K, used 131993K [0x0000000080000000, 0x0000000100000000)
  region size 1024K, 6 young (6144K), 6 survivors (6144K)
 Metaspace       used 128577K, capacity 131627K, committed 131860K, reserved 1165312K
  class space    used 15670K, capacity 16804K, committed 16844K, reserved 1048576K
}
Event: 8732.456 GC heap before
{Heap before GC invocations=116 (full 0):
 garbage-first heap   total 315392K, used 215961K [0x0000000080000000, 0x0000000100000000)
  region size 1024K, 87 young (89088K), 6 survivors (6144K)
 Metaspace       used 130992K, capacity 134146K, committed 134292K, reserved 1167360K
  class space    used 15991K, capacity 17164K, committed 17228K, reserved 1048576K
}
Event: 8732.561 GC heap after
{Heap after GC invocations=117 (full 0):
 garbage-first heap   total 315392K, used 143691K [0x0000000080000000, 0x0000000100000000)
  region size 1024K, 11 young (11264K), 11 survivors (11264K)
 Metaspace       used 130992K, capacity 134146K, committed 134292K, reserved 1167360K
  class space    used 15991K, capacity 17164K, committed 17228K, reserved 1048576K
}
Event: 8733.375 GC heap before
{Heap before GC invocations=117 (full 0):
 garbage-first heap   total 315392K, used 223563K [0x0000000080000000, 0x0000000100000000)
  region size 1024K, 89 young (91136K), 11 survivors (11264K)
 Metaspace       used 132304K, capacity 135502K, committed 135828K, reserved 1167360K
  class space    used 16164K, capacity 17362K, committed 17484K, reserved 1048576K
}
Event: 8733.468 GC heap after
{Heap after GC invocations=118 (full 0):
 garbage-first heap   total 315392K, used 154012K [0x0000000080000000, 0x0000000100000000)
  region size 1024K, 12 young (12288K), 12 survivors (12288K)
 Metaspace       used 132304K, capacity 135502K, committed 135828K, reserved 1167360K
  class space    used 16164K, capacity 17362K, committed 17484K, reserved 1048576K
}
Event: 8734.509 GC heap before
{Heap before GC invocations=118 (full 0):
 garbage-first heap   total 315392K, used 229788K [0x0000000080000000, 0x0000000100000000)
  region size 1024K, 87 young (89088K), 12 survivors (12288K)
 Metaspace       used 134391K, capacity 137763K, committed 138004K, reserved 1169408K
  class space    used 16543K, capacity 17816K, committed 17868K, reserved 1048576K
}
Event: 8734.592 GC heap after
{Heap after GC invocations=119 (full 0):
 garbage-first heap   total 536576K, used 166912K [0x0000000080000000, 0x0000000100000000)
  region size 1024K, 11 young (11264K), 11 survivors (11264K)
 Metaspace       used 134391K, capacity 137763K, committed 138004K, reserved 1169408K
  class space    used 16543K, capacity 17816K, committed 17868K, reserved 1048576K
}
Event: 8737.103 GC heap before
{Heap before GC invocations=120 (full 0):
 garbage-first heap   total 536576K, used 310272K [0x0000000080000000, 0x0000000100000000)
  region size 1024K, 152 young (155648K), 11 survivors (11264K)
 Metaspace       used 139073K, capacity 142585K, committed 142740K, reserved 1173504K
  class space    used 17108K, capacity 18462K, committed 18508K, reserved 1048576K
}
Event: 8737.178 GC heap after
{Heap after GC invocations=121 (full 0):
 garbage-first heap   total 536576K, used 169472K [0x0000000080000000, 0x0000000100000000)
  region size 1024K, 2 young (2048K), 2 survivors (2048K)
 Metaspace       used 139073K, capacity 142585K, committed 142740K, reserved 1173504K
  class space    used 17108K, capacity 18462K, committed 18508K, reserved 1048576K
}
Event: 8737.769 GC heap before
{Heap before GC invocations=121 (full 0):
 garbage-first heap   total 536576K, used 335360K [0x0000000080000000, 0x0000000100000000)
  region size 1024K, 165 young (168960K), 2 survivors (2048K)
 Metaspace       used 139203K, capacity 142756K, committed 142996K, reserved 1173504K
  class space    used 17116K, capacity 18476K, committed 18508K, reserved 1048576K
}
Event: 8737.846 GC heap after
{Heap after GC invocations=122 (full 0):
 garbage-first heap   total 536576K, used 179239K [0x0000000080000000, 0x0000000100000000)
  region size 1024K, 12 young (12288K), 12 survivors (12288K)
 Metaspace       used 139203K, capacity 142756K, committed 142996K, reserved 1173504K
  class space    used 17116K, capacity 18476K, committed 18508K, reserved 1048576K
}
Event: 8739.246 GC heap before
{Heap before GC invocations=122 (full 0):
 garbage-first heap   total 536576K, used 369703K [0x0000000080000000, 0x0000000100000000)
  region size 1024K, 199 young (203776K), 12 survivors (12288K)
 Metaspace       used 139525K, capacity 143097K, committed 143252K, reserved 1173504K
  class space    used 17129K, capacity 18490K, committed 18508K, reserved 1048576K
}
Event: 8739.389 GC heap after
{Heap after GC invocations=123 (full 0):
 garbage-first heap   total 536576K, used 185784K [0x0000000080000000, 0x0000000100000000)
  region size 1024K, 18 young (18432K), 18 survivors (18432K)
 Metaspace       used 139525K, capacity 143097K, committed 143252K, reserved 1173504K
  class space    used 17129K, capacity 18490K, committed 18508K, reserved 1048576K
}
Event: 8740.664 GC heap before
{Heap before GC invocations=123 (full 0):
 garbage-first heap   total 536576K, used 394680K [0x0000000080000000, 0x0000000100000000)
  region size 1024K, 223 young (228352K), 18 survivors (18432K)
 Metaspace       used 139682K, capacity 143254K, committed 143380K, reserved 1173504K
  class space    used 17148K, capacity 18540K, committed 18636K, reserved 1048576K
}

